  3.9500000000000000e+002  3.3900000000000000e+002  2.0000000000000000e+001  1.0000000000000000e+000
  7.2000000000000000e+001  1.4800000000000000e+002  1.9000000000000000e+001  1.0000000000000000e+000
  1.6600000000000000e+002  1.4500000000000000e+002  1.7000000000000000e+001  1.0000000000000000e+000
  3.0400000000000000e+002  2.5600000000000000e+002  1.6500000000000000e+001  1.0000000000000000e+000
  1.2000000000000000e+002  1.6800000000000000e+002  1.4500000000000000e+001  1.0000000000000000e+000
  2.7000000000000000e+002  7.8000000000000000e+001  1.4000000000000000e+001  1.0000000000000000e+000
  2.3100000000000000e+002  3.8400000000000000e+002  1.2500000000000000e+001  9.5238095238095233e-001
  2.9200000000000000e+002  3.0300000000000000e+002  1.2500000000000000e+001  1.0000000000000000e+000
  4.0900000000000000e+002  1.6300000000000000e+002  1.2500000000000000e+001  9.5238095238095233e-001
  2.4700000000000000e+002  1.6100000000000000e+002  1.2000000000000000e+001  1.0000000000000000e+000
  1.9300000000000000e+002  1.7600000000000000e+002  1.0000000000000000e+001  1.0000000000000000e+000
  3.1300000000000000e+002  1.0600000000000000e+002  1.0000000000000000e+001  1.0000000000000000e+000
  8.4000000000000000e+001  4.0400000000000000e+002  9.0000000000000000e+000  1.0000000000000000e+000
  1.9000000000000000e+002  3.3400000000000000e+002  9.0000000000000000e+000  9.4999999999999996e-001
  1.1800000000000000e+002  3.2000000000000000e+001  9.0000000000000000e+000  9.0000000000000002e-001
  2.9500000000000000e+002  2.1100000000000000e+002  8.5000000000000000e+000  1.0000000000000000e+000
  2.3000000000000000e+001  4.7300000000000000e+002  7.5000000000000000e+000  1.0000000000000000e+000
  1.1300000000000000e+002  2.0500000000000000e+002  7.5000000000000000e+000  1.0000000000000000e+000
  1.8100000000000000e+002  5.0000000000000000e+000  6.5000000000000000e+000  9.3750000000000000e-001
  1.6100000000000000e+002  4.7600000000000000e+002  6.0000000000000000e+000  1.0000000000000000e+000
  3.2000000000000000e+001  2.1900000000000000e+002  5.0000000000000000e+000  9.2307692307692313e-001
