  3.2700000000000000e+002  2.8800000000000000e+002  3.0000000000000000e+001  1.0000000000000000e+000
  4.5000000000000000e+001  1.5600000000000000e+002  2.7000000000000000e+001  1.0000000000000000e+000
  4.1000000000000000e+002  4.0800000000000000e+002  2.1000000000000000e+001  1.0000000000000000e+000
  4.8300000000000000e+002  6.4400000000000000e+002  1.8000000000000000e+001  1.0000000000000000e+000
  1.9100000000000000e+002  4.7700000000000000e+002  1.8000000000000000e+001  1.0000000000000000e+000
  1.4800000000000000e+002  4.4800000000000000e+002  1.8000000000000000e+001  9.5652173913043481e-001
  1.9900000000000000e+002  4.1900000000000000e+002  1.8000000000000000e+001  9.5652173913043481e-001
  1.3200000000000000e+002  3.1600000000000000e+002  1.8000000000000000e+001  9.1304347826086951e-001
  3.5000000000000000e+002  5.4900000000000000e+002  1.3000000000000000e+001  1.0000000000000000e+000
  5.4000000000000000e+001  4.9900000000000000e+002  1.2000000000000000e+001  9.5999999999999996e-001
  3.4600000000000000e+002  4.8000000000000000e+002  1.2000000000000000e+001  1.0000000000000000e+000
  5.9300000000000000e+002  6.1500000000000000e+002  1.1000000000000000e+001  1.0000000000000000e+000
  5.8900000000000000e+002  4.6400000000000000e+002  1.1000000000000000e+001  9.0476190476190477e-001
  3.3300000000000000e+002  5.8000000000000000e+002  1.0000000000000000e+001  1.0000000000000000e+000
  5.1600000000000000e+002  6.1200000000000000e+002  8.0000000000000000e+000  9.4117647058823528e-001
  3.9800000000000000e+002  5.8800000000000000e+002  8.0000000000000000e+000  1.0000000000000000e+000
  5.7800000000000000e+002  5.8300000000000000e+002  8.0000000000000000e+000  9.4117647058823528e-001
  7.5000000000000000e+001  4.6000000000000000e+002  8.0000000000000000e+000  1.0000000000000000e+000
  4.8200000000000000e+002  4.2300000000000000e+002  8.0000000000000000e+000  1.0000000000000000e+000
  3.8000000000000000e+001  4.1000000000000000e+002  8.0000000000000000e+000  9.4117647058823528e-001
  4.7800000000000000e+002  5.4100000000000000e+002  7.0000000000000000e+000  9.3750000000000000e-001
  5.0000000000000000e+001  4.6300000000000000e+002  7.0000000000000000e+000  1.0000000000000000e+000
  2.1300000000000000e+002  2.1600000000000000e+002  7.0000000000000000e+000  9.3750000000000000e-001
  8.3000000000000000e+001  5.0400000000000000e+002  6.0000000000000000e+000  1.0000000000000000e+000
  2.5300000000000000e+002  3.1900000000000000e+002  6.0000000000000000e+000  1.0000000000000000e+000
  5.0400000000000000e+002  3.1600000000000000e+002  6.0000000000000000e+000  1.0000000000000000e+000
  3.8200000000000000e+002  1.4000000000000000e+001  6.0000000000000000e+000  1.0000000000000000e+000
  8.0000000000000000e+000  6.8000000000000000e+001  5.0000000000000000e+000  9.2857142857142860e-001
  2.0500000000000000e+002  6.7400000000000000e+002  4.0000000000000000e+000  1.0000000000000000e+000
  1.3000000000000000e+001  2.2000000000000000e+002  4.0000000000000000e+000  9.0000000000000002e-001
