  2.2800000000000000e+002  6.4700000000000000e+002  2.2000000000000000e+001  1.0000000000000000e+000
  5.3000000000000000e+001  4.6600000000000000e+002  2.2000000000000000e+001  9.4736842105263153e-001
  3.4900000000000000e+002  3.4000000000000000e+002  2.2000000000000000e+001  1.0000000000000000e+000
  3.8900000000000000e+002  2.4900000000000000e+002  2.2000000000000000e+001  1.0000000000000000e+000
  1.1400000000000000e+002  2.1300000000000000e+002  2.2000000000000000e+001  1.0000000000000000e+000
  2.1500000000000000e+002  2.7000000000000000e+002  2.0000000000000000e+001  1.0000000000000000e+000
  1.6400000000000000e+002  3.7100000000000000e+002  1.8000000000000000e+001  1.0000000000000000e+000
  1.2200000000000000e+002  4.6200000000000000e+002  1.6000000000000000e+001  1.0000000000000000e+000
  6.4000000000000000e+001  5.1800000000000000e+002  1.4000000000000000e+001  9.4736842105263153e-001
  2.0100000000000000e+002  1.4200000000000000e+002  1.4000000000000000e+001  9.4736842105263153e-001
  4.2000000000000000e+002  1.5000000000000000e+001  1.4000000000000000e+001  1.0000000000000000e+000
  2.7000000000000000e+002  6.1300000000000000e+002  1.2000000000000000e+001  1.0000000000000000e+000
  1.5200000000000000e+002  5.0300000000000000e+002  1.2000000000000000e+001  9.5238095238095233e-001
  4.0100000000000000e+002  1.9500000000000000e+002  1.2000000000000000e+001  9.0476190476190477e-001
  2.8300000000000000e+002  2.8100000000000000e+002  1.0000000000000000e+001  1.0000000000000000e+000
  2.2200000000000000e+002  2.0900000000000000e+002  8.0000000000000000e+000  1.0000000000000000e+000
  2.9500000000000000e+002  5.5100000000000000e+002  6.0000000000000000e+000  1.0000000000000000e+000
  3.7300000000000000e+002  1.9900000000000000e+002  6.0000000000000000e+000  9.4117647058823528e-001
  1.9300000000000000e+002  7.0400000000000000e+002  5.0000000000000000e+000  9.2857142857142860e-001
  1.9200000000000000e+002  5.1900000000000000e+002  5.0000000000000000e+000  9.2857142857142860e-001
  1.0000000000000000e+001  1.0000000000000000e+001  5.0000000000000000e+000  9.2857142857142860e-001
  3.3500000000000000e+002  5.7600000000000000e+002  4.0000000000000000e+000  1.0000000000000000e+000
  1.1300000000000000e+002  5.4200000000000000e+002  4.0000000000000000e+000  9.0000000000000002e-001
  3.5500000000000000e+002  4.3700000000000000e+002  4.0000000000000000e+000  1.0000000000000000e+000
  2.6400000000000000e+002  3.2100000000000000e+002  4.0000000000000000e+000  1.0000000000000000e+000
  2.8000000000000000e+001  3.0600000000000000e+002  4.0000000000000000e+000  1.0000000000000000e+000
  9.3000000000000000e+001  1.5400000000000000e+002  4.0000000000000000e+000  9.0000000000000002e-001
  3.9100000000000000e+002  9.3000000000000000e+001  4.0000000000000000e+000  9.0000000000000002e-001
  1.9000000000000000e+001  2.9000000000000000e+001  4.0000000000000000e+000  9.0000000000000002e-001
  2.7000000000000000e+001  5.0000000000000000e+000  4.0000000000000000e+000  9.0000000000000002e-001
  1.5500000000000000e+002  3.3500000000000000e+002  3.0000000000000000e+000  1.0000000000000000e+000
