  9.4000000000000000e+001  4.1700000000000000e+002  1.9000000000000000e+001  9.5652173913043481e-001
  2.2800000000000000e+002  3.3800000000000000e+002  1.9000000000000000e+001  1.0000000000000000e+000
  2.4400000000000000e+002  7.8000000000000000e+001  1.9000000000000000e+001  9.1304347826086951e-001
  3.7100000000000000e+002  7.0000000000000000e+001  1.9000000000000000e+001  9.1304347826086951e-001
  2.0700000000000000e+002  2.2600000000000000e+002  1.7000000000000000e+001  1.0000000000000000e+000
  1.2500000000000000e+002  6.0200000000000000e+002  1.5000000000000000e+001  1.0000000000000000e+000
  3.0200000000000000e+002  1.1900000000000000e+002  1.5000000000000000e+001  9.5238095238095233e-001
  1.5900000000000000e+002  5.5900000000000000e+002  1.3000000000000000e+001  1.0000000000000000e+000
  3.9500000000000000e+002  1.7100000000000000e+002  1.3000000000000000e+001  9.4999999999999996e-001
  1.7400000000000000e+002  1.0800000000000000e+002  1.3000000000000000e+001  9.0000000000000002e-001
  1.5900000000000000e+002  6.2300000000000000e+002  1.1000000000000000e+001  9.4444444444444442e-001
  3.0500000000000000e+002  5.2700000000000000e+002  1.1000000000000000e+001  9.4444444444444442e-001
  3.0700000000000000e+002  2.9100000000000000e+002  1.1000000000000000e+001  1.0000000000000000e+000
  1.7000000000000000e+001  2.8800000000000000e+002  1.1000000000000000e+001  9.4444444444444442e-001
  4.6000000000000000e+001  7.5000000000000000e+001  1.1000000000000000e+001  9.4444444444444442e-001
  1.0800000000000000e+002  3.7900000000000000e+002  9.0000000000000000e+000  1.0000000000000000e+000
  1.1700000000000000e+002  5.1900000000000000e+002  7.0000000000000000e+000  9.2857142857142860e-001
  1.9700000000000000e+002  1.5300000000000000e+002  7.0000000000000000e+000  9.2857142857142860e-001
  1.3900000000000000e+002  9.3000000000000000e+001  7.0000000000000000e+000  1.0000000000000000e+000
  1.8100000000000000e+002  7.7000000000000000e+001  7.0000000000000000e+000  1.0000000000000000e+000
