  4.4300000000000000e+002  5.9100000000000000e+002  1.1000000000000000e+001  9.0000000000000002e-001
  2.6900000000000000e+002  4.5200000000000000e+002  1.1000000000000000e+001  1.0000000000000000e+000
  1.8600000000000000e+002  2.7200000000000000e+002  1.1000000000000000e+001  9.0000000000000002e-001
  4.3300000000000000e+002  5.4000000000000000e+002  1.0000000000000000e+001  1.0000000000000000e+000
  9.8000000000000000e+001  4.3400000000000000e+002  1.0000000000000000e+001  9.0476190476190477e-001
  2.9600000000000000e+002  3.4800000000000000e+002  1.0000000000000000e+001  9.5238095238095233e-001
  1.1900000000000000e+002  6.5700000000000000e+002  9.0000000000000000e+000  9.4117647058823528e-001
  1.6800000000000000e+002  4.5900000000000000e+002  9.0000000000000000e+000  1.0000000000000000e+000
  9.7000000000000000e+001  3.1700000000000000e+002  9.0000000000000000e+000  9.4117647058823528e-001
  2.9200000000000000e+002  3.0600000000000000e+002  9.0000000000000000e+000  1.0000000000000000e+000
  2.4800000000000000e+002  1.3500000000000000e+002  9.0000000000000000e+000  9.4117647058823528e-001
  1.5100000000000000e+002  1.3400000000000000e+002  9.0000000000000000e+000  9.4117647058823528e-001
  1.7200000000000000e+002  8.1000000000000000e+001  9.0000000000000000e+000  1.0000000000000000e+000
  1.9900000000000000e+002  4.4800000000000000e+002  8.0000000000000000e+000  9.3750000000000000e-001
  2.7700000000000000e+002  4.1700000000000000e+002  8.0000000000000000e+000  9.3750000000000000e-001
  1.5300000000000000e+002  2.8700000000000000e+002  8.0000000000000000e+000  1.0000000000000000e+000
  4.5600000000000000e+002  2.8300000000000000e+002  8.0000000000000000e+000  9.3750000000000000e-001
  1.0800000000000000e+002  1.0000000000000000e+002  8.0000000000000000e+000  9.3750000000000000e-001
  8.8000000000000000e+001  9.4000000000000000e+001  8.0000000000000000e+000  1.0000000000000000e+000
  1.8300000000000000e+002  5.3700000000000000e+002  7.0000000000000000e+000  9.3750000000000000e-001
  2.5000000000000000e+002  3.8500000000000000e+002  7.0000000000000000e+000  1.0000000000000000e+000
  2.8800000000000000e+002  3.8100000000000000e+002  7.0000000000000000e+000  9.3750000000000000e-001
  1.6600000000000000e+002  3.5700000000000000e+002  7.0000000000000000e+000  9.3750000000000000e-001
