  2.4600000000000000e+002  6.4700000000000000e+002  7.0000000000000000e+000  9.2307692307692313e-001
  3.4300000000000000e+002  5.6300000000000000e+002  7.0000000000000000e+000  9.2307692307692313e-001
  2.1000000000000000e+002  5.0300000000000000e+002  7.0000000000000000e+000  1.0000000000000000e+000
  2.2000000000000000e+002  4.2500000000000000e+002  7.0000000000000000e+000  1.0000000000000000e+000
  4.4200000000000000e+002  4.1600000000000000e+002  7.0000000000000000e+000  9.2307692307692313e-001
  2.3500000000000000e+002  9.2000000000000000e+001  7.0000000000000000e+000  9.2307692307692313e-001
  1.4200000000000000e+002  4.1600000000000000e+002  6.0000000000000000e+000  9.2307692307692313e-001
  1.5700000000000000e+002  3.6200000000000000e+002  6.0000000000000000e+000  9.2307692307692313e-001
  1.8300000000000000e+002  6.9000000000000000e+001  6.0000000000000000e+000  1.0000000000000000e+000
  2.2100000000000000e+002  4.0200000000000000e+002  5.0000000000000000e+000  1.0000000000000000e+000
  1.5900000000000000e+002  2.1100000000000000e+002  5.0000000000000000e+000  9.2307692307692313e-001
  1.6300000000000000e+002  1.6800000000000000e+002  5.0000000000000000e+000  9.2307692307692313e-001
  2.8100000000000000e+002  5.7600000000000000e+002  4.0000000000000000e+000  9.0909090909090906e-001
  2.7900000000000000e+002  5.6400000000000000e+002  4.0000000000000000e+000  9.0909090909090906e-001
  2.1000000000000000e+002  5.6400000000000000e+002  4.0000000000000000e+000  9.0909090909090906e-001
  2.9900000000000000e+002  5.3800000000000000e+002  4.0000000000000000e+000  9.0909090909090906e-001
  4.4400000000000000e+002  4.3700000000000000e+002  4.0000000000000000e+000  1.0000000000000000e+000
  3.5400000000000000e+002  4.0000000000000000e+002  4.0000000000000000e+000  9.0909090909090906e-001
  2.1100000000000000e+002  3.8300000000000000e+002  4.0000000000000000e+000  9.0909090909090906e-001
  2.2600000000000000e+002  3.7000000000000000e+002  4.0000000000000000e+000  9.0909090909090906e-001
  8.3000000000000000e+001  3.0700000000000000e+002  4.0000000000000000e+000  9.0909090909090906e-001
  1.1300000000000000e+002  2.8900000000000000e+002  4.0000000000000000e+000  1.0000000000000000e+000
